capacitor.config.ts(1,38): error TS2307: Cannot find module '@capacitor/cli' or its corresponding type declarations.
components/ambient-top-loader.tsx(4,27): error TS2307: Cannot find module 'nextjs-toploader' or its corresponding type declarations.
components/calendar.tsx(9,60): error TS2307: Cannot find module 'react-day-picker' or its corresponding type declarations.
components/calendar.tsx(39,31): error TS7006: Parameter 'date' implicitly has an 'any' type.
components/calendar.tsx(128,18): error TS7031: Binding element 'className' implicitly has an 'any' type.
components/calendar.tsx(128,29): error TS7031: Binding element 'rootRef' implicitly has an 'any' type.
components/calendar.tsx(138,21): error TS7031: Binding element 'className' implicitly has an 'any' type.
components/calendar.tsx(138,32): error TS7031: Binding element 'orientation' implicitly has an 'any' type.
components/calendar.tsx(159,24): error TS7031: Binding element 'children' implicitly has an 'any' type.
components/couple-pairing.tsx(55,16): error TS2339: Property 'error' does not exist on type '{ success: boolean; coupleId: string; } | { error: any; }'.
  Property 'error' does not exist on type '{ success: boolean; coupleId: string; }'.
components/dashboard-header.tsx(101,5): error TS2322: Type 'number' is not assignable to type 'Timeout'.
components/distance-time-widget.tsx(15,46): error TS2307: Cannot find module '@capacitor/geolocation' or its corresponding type declarations.
components/distance-time-widget.tsx(122,54): error TS2307: Cannot find module '@capacitor/geolocation' or its corresponding type declarations.
components/e2ee/passphrase-escrow-panel.tsx(24,5): error TS2305: Module '"@/lib/client/crypto-e2ee"' has no exported member 'decryptEscrowBlob'.
components/e2ee/passphrase-escrow-panel.tsx(27,10): error TS2305: Module '"@/lib/client/crypto-e2ee"' has no exported member 'EscrowBlob'.
components/memory-detail-dialog.tsx(136,41): error TS2339: Property 'id' does not exist on type 'User'.
components/native-notification-listener.tsx(5,36): error TS2307: Cannot find module '@capacitor/local-notifications' or its corresponding type declarations.
components/native-notification-listener.tsx(27,37): error TS2339: Property 'id' does not exist on type 'User'.
components/native-notification-listener.tsx(34,53): error TS2339: Property 'id' does not exist on type 'User'.
components/native-push-register.tsx(4,35): error TS2307: Cannot find module '@capacitor/push-notifications' or its corresponding type declarations.
components/native-push-register.tsx(33,72): error TS7006: Parameter 'token' implicitly has an 'any' type.
components/native-push-register.tsx(41,36): error TS2339: Property 'id' does not exist on type 'User'.
components/native-push-register.tsx(54,78): error TS7006: Parameter 'notification' implicitly has an 'any' type.
components/native-push-register.tsx(59,85): error TS7006: Parameter 'notification' implicitly has an 'any' type.
components/notification-bell.tsx(8,29): error TS2307: Cannot find module '@capacitor/geolocation' or its corresponding type declarations.
components/notification-bell.tsx(9,36): error TS2307: Cannot find module '@capacitor/local-notifications' or its corresponding type declarations.
components/polaroid-detail-modal.tsx(183,25): error TS2322: Type '{ src: string; alt: string; className: string; isEncrypted: boolean; onClick: () => void; }' is not assignable to type 'IntrinsicAttributes & DecryptedImageProps'.
  Property 'onClick' does not exist on type 'IntrinsicAttributes & DecryptedImageProps'.
components/PushNotificationManager.tsx(10,36): error TS2307: Cannot find module '@capacitor/local-notifications' or its corresponding type declarations.
components/PushNotificationManager.tsx(11,29): error TS2307: Cannot find module '@capacitor/geolocation' or its corresponding type declarations.
components/resizable.tsx(12,51): error TS2339: Property 'PanelGroup' does not exist on type 'typeof import("C:/Users/Aryan/Desktop/orbit-v2/node_modules/react-resizable-panels/dist/react-resizable-panels")'.
components/resizable.tsx(14,25): error TS2339: Property 'PanelGroup' does not exist on type 'typeof import("C:/Users/Aryan/Desktop/orbit-v2/node_modules/react-resizable-panels/dist/react-resizable-panels")'.
components/resizable.tsx(35,51): error TS2339: Property 'PanelResizeHandle' does not exist on type 'typeof import("C:/Users/Aryan/Desktop/orbit-v2/node_modules/react-resizable-panels/dist/react-resizable-panels")'.
components/resizable.tsx(39,25): error TS2339: Property 'PanelResizeHandle' does not exist on type 'typeof import("C:/Users/Aryan/Desktop/orbit-v2/node_modules/react-resizable-panels/dist/react-resizable-panels")'.
components/resizable.tsx(52,26): error TS2339: Property 'PanelResizeHandle' does not exist on type 'typeof import("C:/Users/Aryan/Desktop/orbit-v2/node_modules/react-resizable-panels/dist/react-resizable-panels")'.
components/sync-provider.tsx(4,25): error TS2307: Cannot find module '@capacitor/network' or its corresponding type declarations.
components/sync-provider.tsx(34,91): error TS7006: Parameter 'status' implicitly has an 'any' type.
components/ui/calendar.tsx(9,60): error TS2307: Cannot find module 'react-day-picker' or its corresponding type declarations.
components/ui/calendar.tsx(39,31): error TS7006: Parameter 'date' implicitly has an 'any' type.
components/ui/calendar.tsx(128,18): error TS7031: Binding element 'className' implicitly has an 'any' type.
components/ui/calendar.tsx(128,29): error TS7031: Binding element 'rootRef' implicitly has an 'any' type.
components/ui/calendar.tsx(138,21): error TS7031: Binding element 'className' implicitly has an 'any' type.
components/ui/calendar.tsx(138,32): error TS7031: Binding element 'orientation' implicitly has an 'any' type.
components/ui/calendar.tsx(159,24): error TS7031: Binding element 'children' implicitly has an 'any' type.
components/ui/resizable.tsx(12,51): error TS2339: Property 'PanelGroup' does not exist on type 'typeof import("C:/Users/Aryan/Desktop/orbit-v2/node_modules/react-resizable-panels/dist/react-resizable-panels")'.
components/ui/resizable.tsx(14,25): error TS2339: Property 'PanelGroup' does not exist on type 'typeof import("C:/Users/Aryan/Desktop/orbit-v2/node_modules/react-resizable-panels/dist/react-resizable-panels")'.
components/ui/resizable.tsx(35,51): error TS2339: Property 'PanelResizeHandle' does not exist on type 'typeof import("C:/Users/Aryan/Desktop/orbit-v2/node_modules/react-resizable-panels/dist/react-resizable-panels")'.
components/ui/resizable.tsx(39,25): error TS2339: Property 'PanelResizeHandle' does not exist on type 'typeof import("C:/Users/Aryan/Desktop/orbit-v2/node_modules/react-resizable-panels/dist/react-resizable-panels")'.
components/ui/resizable.tsx(52,26): error TS2339: Property 'PanelResizeHandle' does not exist on type 'typeof import("C:/Users/Aryan/Desktop/orbit-v2/node_modules/react-resizable-panels/dist/react-resizable-panels")'.
lib/actions/insights.ts(5,36): error TS2307: Cannot find module '@google/generative-ai' or its corresponding type declarations.
lib/client/local-notifications.ts(1,36): error TS2307: Cannot find module '@capacitor/local-notifications' or its corresponding type declarations.
lib/push-server.ts(3,21): error TS2307: Cannot find module 'web-push' or its corresponding type declarations.
